<?xml version="1.0" encoding="UTF-8"?>
<!-- Generated by org.testng.reporters.JUnitReportReporter -->
<testsuite skipped="0" hostname="DESKTOP-0ROPM66" name="selenium1.LeafGroundTest" tests="1" failures="0" timestamp="29 Jul 2021 15:38:16 GMT" time="5.274" errors="0">
  <testcase name="textBoxTest" time="5.274" classname="selenium1.LeafGroundTest"/>
</testsuite> <!-- selenium1.LeafGroundTest -->
