<?xml version="1.0" encoding="UTF-8"?>
<!-- Generated by org.testng.reporters.JUnitReportReporter -->
<testsuite skipped="0" hostname="DESKTOP-0ROPM66" name="Practice.SendEmailTest" tests="1" failures="0" timestamp="01 Aug 2021 13:30:22 GMT" time="20.359" errors="0">
  <testcase name="sendMail" time="20.359" classname="Practice.SendEmailTest"/>
</testsuite> <!-- Practice.SendEmailTest -->
