<?xml version="1.0" encoding="UTF-8"?>
<!-- Generated by org.testng.reporters.JUnitReportReporter -->
<testsuite skipped="0" hostname="DESKTOP-0ROPM66" name="NewTestAnnotations" tests="2" failures="0" timestamp="07 Aug 2021 04:00:33 GMT" time="0.049" errors="0">
  <testcase name="f1" time="0.044" classname="NewTestAnnotations"/>
  <testcase name="f2" time="0.005" classname="NewTestAnnotations"/>
</testsuite> <!-- NewTestAnnotations -->
