<?xml version="1.0" encoding="UTF-8"?>
<!-- Generated by org.testng.reporters.JUnitReportReporter -->
<testsuite skipped="0" hostname="DESKTOP-0ROPM66" name="Practice.SendEmailAttachTest1" tests="1" failures="0" timestamp="01 Aug 2021 14:06:04 GMT" time="7.254" errors="0">
  <testcase name="f" time="7.254" classname="Practice.SendEmailAttachTest1"/>
</testsuite> <!-- Practice.SendEmailAttachTest1 -->
